F:\PROJECTS\TYCOON\INTERFACEJAVAISO\ISOPARSER\X64\RELEASE\.NETFRAMEWORK,VERSION=V4.0.ASSEMBLYATTRIBUTES.OBJ
F:\PROJECTS\TYCOON\INTERFACEJAVAISO\ISOPARSER\X64\RELEASE\APP.RES
F:\PROJECTS\TYCOON\INTERFACEJAVAISO\ISOPARSER\X64\RELEASE\ASSEMBLYINFO.OBJ
F:\projects\tycoon\InterfaceJavaISO\IsoParser\x64\Release\cl.command.1.tlog
F:\projects\tycoon\InterfaceJavaISO\IsoParser\x64\Release\CL.read.1.tlog
F:\projects\tycoon\InterfaceJavaISO\IsoParser\x64\Release\CL.write.1.tlog
F:\PROJECTS\TYCOON\INTERFACEJAVAISO\ISOPARSER\X64\RELEASE\ISOPARSER.DLL
F:\PROJECTS\TYCOON\INTERFACEJAVAISO\ISOPARSER\X64\RELEASE\ISOPARSER.DLL.INTERMEDIATE.MANIFEST
F:\projects\tycoon\InterfaceJavaISO\IsoParser\x64\Release\IsoParser.dll.metagen
F:\PROJECTS\TYCOON\INTERFACEJAVAISO\ISOPARSER\X64\RELEASE\ISOPARSER.OBJ
F:\PROJECTS\TYCOON\INTERFACEJAVAISO\ISOPARSER\X64\RELEASE\ISOPARSER.PCH
F:\PROJECTS\TYCOON\INTERFACEJAVAISO\ISOPARSER\X64\RELEASE\ISOPARSER.PDB
F:\projects\tycoon\InterfaceJavaISO\IsoParser\x64\Release\IsoParser.vcxprojResolveAssemblyReference.cache
F:\projects\tycoon\InterfaceJavaISO\IsoParser\x64\Release\IsoParser.write.1.tlog
F:\projects\tycoon\InterfaceJavaISO\IsoParser\x64\Release\lib.command.1.tlog
F:\projects\tycoon\InterfaceJavaISO\IsoParser\x64\Release\Lib-link.read.1.tlog
F:\projects\tycoon\InterfaceJavaISO\IsoParser\x64\Release\Lib-link.write.1.tlog
F:\projects\tycoon\InterfaceJavaISO\IsoParser\x64\Release\Lib-link-cvtres.read.1.tlog
F:\projects\tycoon\InterfaceJavaISO\IsoParser\x64\Release\Lib-link-cvtres.write.1.tlog
F:\projects\tycoon\InterfaceJavaISO\IsoParser\x64\Release\link.command.1.tlog
F:\projects\tycoon\InterfaceJavaISO\IsoParser\x64\Release\link.read.1.tlog
F:\projects\tycoon\InterfaceJavaISO\IsoParser\x64\Release\link.write.1.tlog
F:\projects\tycoon\InterfaceJavaISO\IsoParser\x64\Release\link-cvtres.read.1.tlog
F:\projects\tycoon\InterfaceJavaISO\IsoParser\x64\Release\link-cvtres.write.1.tlog
F:\projects\tycoon\InterfaceJavaISO\IsoParser\x64\Release\metagen.read.1.tlog
F:\projects\tycoon\InterfaceJavaISO\IsoParser\x64\Release\metagen.write.1.tlog
F:\projects\tycoon\InterfaceJavaISO\IsoParser\x64\Release\mt.command.1.tlog
F:\projects\tycoon\InterfaceJavaISO\IsoParser\x64\Release\mt.read.1.tlog
F:\projects\tycoon\InterfaceJavaISO\IsoParser\x64\Release\mt.write.1.tlog
F:\projects\tycoon\InterfaceJavaISO\IsoParser\x64\Release\rc.command.1.tlog
F:\projects\tycoon\InterfaceJavaISO\IsoParser\x64\Release\rc.read.1.tlog
F:\projects\tycoon\InterfaceJavaISO\IsoParser\x64\Release\rc.write.1.tlog
F:\projects\tycoon\InterfaceJavaISO\IsoParser\x64\Release\RSAENH.DLL.bi
F:\PROJECTS\TYCOON\INTERFACEJAVAISO\ISOPARSER\X64\RELEASE\STDAFX.OBJ
F:\projects\tycoon\InterfaceJavaISO\IsoParser\x64\Release\TZRES.DLL.bi
F:\PROJECTS\TYCOON\INTERFACEJAVAISO\ISOPARSER\X64\RELEASE\UTILITY.OBJ
F:\PROJECTS\TYCOON\INTERFACEJAVAISO\ISOPARSER\X64\RELEASE\VC100.PDB
