F:\PROJECTS\TYCOON\INTERFACEJAVAISO\LIBJSON\RELEASE\.NETFRAMEWORK,VERSION=V4.0.ASSEMBLYATTRIBUTES.OBJ
F:\PROJECTS\TYCOON\INTERFACEJAVAISO\LIBJSON\RELEASE\APP.RES
F:\projects\tycoon\InterfaceJavaISO\libJson\Release\cl.command.1.tlog
F:\projects\tycoon\InterfaceJavaISO\libJson\Release\CL.read.1.tlog
F:\projects\tycoon\InterfaceJavaISO\libJson\Release\CL.write.1.tlog
F:\PROJECTS\TYCOON\INTERFACEJAVAISO\LIBJSON\RELEASE\LIBJSON.DLL
F:\PROJECTS\TYCOON\INTERFACEJAVAISO\LIBJSON\RELEASE\LIBJSON.DLL.INTERMEDIATE.MANIFEST
F:\projects\tycoon\InterfaceJavaISO\libJson\Release\libJson.dll.metagen
F:\PROJECTS\TYCOON\INTERFACEJAVAISO\LIBJSON\RELEASE\LIBJSON.OBJ
F:\PROJECTS\TYCOON\INTERFACEJAVAISO\LIBJSON\RELEASE\LIBJSON.PDB
F:\projects\tycoon\InterfaceJavaISO\libJson\Release\libJson.write.1.tlog
F:\projects\tycoon\InterfaceJavaISO\libJson\Release\link.command.1.tlog
F:\projects\tycoon\InterfaceJavaISO\libJson\Release\link.read.1.tlog
F:\projects\tycoon\InterfaceJavaISO\libJson\Release\link.write.1.tlog
F:\projects\tycoon\InterfaceJavaISO\libJson\Release\link-cvtres.read.1.tlog
F:\projects\tycoon\InterfaceJavaISO\libJson\Release\link-cvtres.write.1.tlog
F:\projects\tycoon\InterfaceJavaISO\libJson\Release\metagen.read.1.tlog
F:\projects\tycoon\InterfaceJavaISO\libJson\Release\metagen.write.1.tlog
F:\projects\tycoon\InterfaceJavaISO\libJson\Release\mt.command.1.tlog
F:\projects\tycoon\InterfaceJavaISO\libJson\Release\mt.read.1.tlog
F:\projects\tycoon\InterfaceJavaISO\libJson\Release\mt.write.1.tlog
F:\projects\tycoon\InterfaceJavaISO\libJson\Release\rc.command.1.tlog
F:\projects\tycoon\InterfaceJavaISO\libJson\Release\rc.read.1.tlog
F:\projects\tycoon\InterfaceJavaISO\libJson\Release\rc.write.1.tlog
F:\projects\tycoon\InterfaceJavaISO\libJson\Release\RSAENH.DLL.bi
F:\projects\tycoon\InterfaceJavaISO\libJson\Release\TZRES.DLL.bi
F:\PROJECTS\TYCOON\INTERFACEJAVAISO\LIBJSON\RELEASE\VC100.PDB
